#
# A fatal error has been detected by the Java Runtime Environment:
#
#  EXCEPTION_ACCESS_VIOLATION (0xc0000005) at pc=0x0000000069fec4f1, pid=10528, tid=0x000000000000269c
#
# JRE version: Java(TM) SE Runtime Environment (8.0_251-b08) (build 1.8.0_251-b08)
# Java VM: Java HotSpot(TM) 64-Bit Server VM (25.251-b08 mixed mode windows-amd64 compressed oops)
# Problematic frame:
# V  [jvm.dll+0x13c4f1]
#
# Failed to write core dump. Minidumps are not enabled by default on client versions of Windows
#
# If you would like to submit a bug report, please visit:
#   http://bugreport.java.com/bugreport/crash.jsp
#

---------------  T H R E A D  ---------------

Current thread (0x000000001b12a800):  JavaThread "Test worker" [_thread_in_vm, id=9884, stack(0x000000001c200000,0x000000001c300000)]

siginfo: ExceptionCode=0xc0000005, reading address 0xffffffff00000131

Registers:
RAX=0x0000000000000027, RBX=0x000000001c2fb310, RCX=0x4f6db3de28250000, RDX=0x000000006a4aeecc
RSP=0x000000001c2fb1b0, RBP=0x000000001c2fb370, RSI=0x0000000000000000, RDI=0xffffffff00000131
R8 =0x0000000000000001, R9 =0x000000001c2fb310, R10=0x0000000000000001, R11=0x000000006a4aeecc
R12=0x000000001ab97180, R13=0x000000001b12a800, R14=0x0000000003166c60, R15=0x0000000017da8d70
RIP=0x0000000069fec4f1, EFLAGS=0x0000000000010246

Top of Stack: (sp=0x000000001c2fb1b0)
0x000000001c2fb1b0:   00004f6daff181e5 000000006a4aeecc
0x000000001c2fb1c0:   0000000000000005 000000001c2fb310
0x000000001c2fb1d0:   000000001c2fb388 0000000069f30189
0x000000001c2fb1e0:   00004f6daff181d5 000000001cdeb150
0x000000001c2fb1f0:   000000001c2fb310 000000001cdeb150
0x000000001c2fb200:   000000001c2fb380 0000000069f30a79
0x000000001c2fb210:   000000001c2fb310 000000006a4a53f8
0x000000001c2fb220:   0000000000000000 000000001c2fb310
0x000000001c2fb230:   000000001c2fb380 0000000069f36a52
0x000000001c2fb240:   000000001c2fb310 000000001cdeb150
0x000000001c2fb250:   000000001c2fb380 0000000003166c60
0x000000001c2fb260:   0000000017da8d60 0000000069f3c2b5
0x000000001c2fb270:   000000001af57fb0 000000001b12a800
0x000000001c2fb280:   000000001ab979a0 000000001af59340
0x000000001c2fb290:   000000001c2fb359 000000006a1ea682
0x000000001c2fb2a0:   0000000017da9148 0000000000000001 

Instructions: (pc=0x0000000069fec4f1)
0x0000000069fec4d1:   5c 24 40 48 83 c4 20 5f e9 c2 00 14 00 48 8d 15
0x0000000069fec4e1:   e7 29 4c 00 48 89 74 24 38 e8 b1 00 14 00 33 f6
0x0000000069fec4f1:   66 3b 37 73 2f 48 89 6c 24 30 48 8d 6f 08 90 44
0x0000000069fec501:   0f be 45 00 48 8d 15 00 5f 4b 00 48 8b cb e8 8c 


Register to memory mapping:

RAX=0x0000000000000027 is an unknown value
RBX=0x000000001c2fb310 is pointing into the stack for thread: 0x000000001b12a800
RCX=0x4f6db3de28250000 is an unknown value
RDX=0x000000006a4aeecc is an unknown value
RSP=0x000000001c2fb1b0 is pointing into the stack for thread: 0x000000001b12a800
RBP=0x000000001c2fb370 is pointing into the stack for thread: 0x000000001b12a800
RSI=0x0000000000000000 is an unknown value
RDI=0xffffffff00000131 is an unknown value
R8 =0x0000000000000001 is an unknown value
R9 =0x000000001c2fb310 is pointing into the stack for thread: 0x000000001b12a800
R10=0x0000000000000001 is an unknown value
R11=0x000000006a4aeecc is an unknown value
R12=0x000000001ab97180 is an unknown value
R13=0x000000001b12a800 is a thread
R14=0x0000000003166c60 is an unknown value
R15=0x0000000017da8d70 is an unknown value


Stack: [0x000000001c200000,0x000000001c300000],  sp=0x000000001c2fb1b0,  free space=1004k
Native frames: (J=compiled Java code, j=interpreted, Vv=VM code, C=native code)
V  [jvm.dll+0x13c4f1]
V  [jvm.dll+0x80189]
V  [jvm.dll+0x80a79]
V  [jvm.dll+0x86a52]
V  [jvm.dll+0x8c2b5]
V  [jvm.dll+0x112367]
V  [jvm.dll+0x1159a7]
V  [jvm.dll+0x115e75]
V  [jvm.dll+0x1927dd]
C  [java.dll+0x1455]
C  0x000000000370298d

Java frames: (J=compiled Java code, j=interpreted, Vv=VM code)
J 908  java.lang.Class.forName0(Ljava/lang/String;ZLjava/lang/ClassLoader;Ljava/lang/Class;)Ljava/lang/Class; (0 bytes) @ 0x0000000003702907 [0x0000000003702880+0x87]
J 995 C1 java.lang.Class.forName(Ljava/lang/String;ZLjava/lang/ClassLoader;)Ljava/lang/Class; (53 bytes) @ 0x000000000372e404 [0x000000000372df00+0x504]
j  TestAbstraction.verifyBytecode(Ljava/nio/file/Path;)V+212
j  TestAbstraction.testAbstraction()V+210
v  ~StubRoutines::call_stub
j  sun.reflect.NativeMethodAccessorImpl.invoke0(Ljava/lang/reflect/Method;Ljava/lang/Object;[Ljava/lang/Object;)Ljava/lang/Object;+0
j  sun.reflect.NativeMethodAccessorImpl.invoke(Ljava/lang/Object;[Ljava/lang/Object;)Ljava/lang/Object;+100
j  sun.reflect.DelegatingMethodAccessorImpl.invoke(Ljava/lang/Object;[Ljava/lang/Object;)Ljava/lang/Object;+6
j  java.lang.reflect.Method.invoke(Ljava/lang/Object;[Ljava/lang/Object;)Ljava/lang/Object;+56
j  org.junit.platform.commons.util.ReflectionUtils.invokeMethod(Ljava/lang/reflect/Method;Ljava/lang/Object;[Ljava/lang/Object;)Ljava/lang/Object;+41
j  org.junit.jupiter.engine.execution.ExecutableInvoker.invoke(Ljava/lang/reflect/Method;Ljava/lang/Object;Lorg/junit/jupiter/api/extension/ExtensionContext;Lorg/junit/jupiter/engine/extension/ExtensionRegistry;)Ljava/lang/Object;+32
j  org.junit.jupiter.engine.descriptor.TestMethodTestDescriptor.lambda$invokeTestMethod$7(Lorg/junit/jupiter/api/extension/ExtensionContext;Lorg/junit/jupiter/engine/execution/JupiterEngineExecutionContext;)V+24
j  org.junit.jupiter.engine.descriptor.TestMethodTestDescriptor$$Lambda$221.execute()V+12
j  org.junit.platform.engine.support.hierarchical.ThrowableCollector.execute(Lorg/junit/platform/engine/support/hierarchical/ThrowableCollector$Executable;)V+1
j  org.junit.jupiter.engine.descriptor.TestMethodTestDescriptor.invokeTestMethod(Lorg/junit/jupiter/engine/execution/JupiterEngineExecutionContext;Lorg/junit/platform/engine/support/hierarchical/Node$DynamicTestExecutor;)V+21
j  org.junit.jupiter.engine.descriptor.TestMethodTestDescriptor.execute(Lorg/junit/jupiter/engine/execution/JupiterEngineExecutionContext;Lorg/junit/platform/engine/support/hierarchical/Node$DynamicTestExecutor;)Lorg/junit/jupiter/engine/execution/JupiterEngineExecutionContext;+44
j  org.junit.jupiter.engine.descriptor.TestMethodTestDescriptor.execute(Lorg/junit/platform/engine/support/hierarchical/EngineExecutionContext;Lorg/junit/platform/engine/support/hierarchical/Node$DynamicTestExecutor;)Lorg/junit/platform/engine/support/hierarchical/EngineExecutionContext;+6
j  org.junit.platform.engine.support.hierarchical.NodeTestTask.lambda$executeRecursively$5()V+79
j  org.junit.platform.engine.support.hierarchical.NodeTestTask$$Lambda$157.execute()V+4
j  org.junit.platform.engine.support.hierarchical.ThrowableCollector.execute(Lorg/junit/platform/engine/support/hierarchical/ThrowableCollector$Executable;)V+1
j  org.junit.platform.engine.support.hierarchical.NodeTestTask.lambda$executeRecursively$7(Lorg/junit/platform/engine/support/hierarchical/EngineExecutionContext;)V+15
j  org.junit.platform.engine.support.hierarchical.NodeTestTask$$Lambda$156.invoke(Lorg/junit/platform/engine/support/hierarchical/EngineExecutionContext;)V+5
j  org.junit.platform.engine.support.hierarchical.Node.around(Lorg/junit/platform/engine/support/hierarchical/EngineExecutionContext;Lorg/junit/platform/engine/support/hierarchical/Node$Invocation;)V+2
j  org.junit.platform.engine.support.hierarchical.NodeTestTask.lambda$executeRecursively$8()V+14
j  org.junit.platform.engine.support.hierarchical.NodeTestTask$$Lambda$155.execute()V+4
j  org.junit.platform.engine.support.hierarchical.ThrowableCollector.execute(Lorg/junit/platform/engine/support/hierarchical/ThrowableCollector$Executable;)V+1
j  org.junit.platform.engine.support.hierarchical.NodeTestTask.executeRecursively()V+31
j  org.junit.platform.engine.support.hierarchical.NodeTestTask.execute()V+55
j  org.junit.platform.engine.support.hierarchical.SameThreadHierarchicalTestExecutorService$$Lambda$161.accept(Ljava/lang/Object;)V+4
j  java.util.ArrayList.forEach(Ljava/util/function/Consumer;)V+47
j  org.junit.platform.engine.support.hierarchical.SameThreadHierarchicalTestExecutorService.invokeAll(Ljava/util/List;)V+6
j  org.junit.platform.engine.support.hierarchical.NodeTestTask.lambda$executeRecursively$5()V+116
j  org.junit.platform.engine.support.hierarchical.NodeTestTask$$Lambda$157.execute()V+4
j  org.junit.platform.engine.support.hierarchical.ThrowableCollector.execute(Lorg/junit/platform/engine/support/hierarchical/ThrowableCollector$Executable;)V+1
j  org.junit.platform.engine.support.hierarchical.NodeTestTask.lambda$executeRecursively$7(Lorg/junit/platform/engine/support/hierarchical/EngineExecutionContext;)V+15
j  org.junit.platform.engine.support.hierarchical.NodeTestTask$$Lambda$156.invoke(Lorg/junit/platform/engine/support/hierarchical/EngineExecutionContext;)V+5
j  org.junit.platform.engine.support.hierarchical.Node.around(Lorg/junit/platform/engine/support/hierarchical/EngineExecutionContext;Lorg/junit/platform/engine/support/hierarchical/Node$Invocation;)V+2
j  org.junit.platform.engine.support.hierarchical.NodeTestTask.lambda$executeRecursively$8()V+14
j  org.junit.platform.engine.support.hierarchical.NodeTestTask$$Lambda$155.execute()V+4
j  org.junit.platform.engine.support.hierarchical.ThrowableCollector.execute(Lorg/junit/platform/engine/support/hierarchical/ThrowableCollector$Executable;)V+1
j  org.junit.platform.engine.support.hierarchical.NodeTestTask.executeRecursively()V+31
j  org.junit.platform.engine.support.hierarchical.NodeTestTask.execute()V+55
j  org.junit.platform.engine.support.hierarchical.SameThreadHierarchicalTestExecutorService$$Lambda$161.accept(Ljava/lang/Object;)V+4
j  java.util.ArrayList.forEach(Ljava/util/function/Consumer;)V+47
j  org.junit.platform.engine.support.hierarchical.SameThreadHierarchicalTestExecutorService.invokeAll(Ljava/util/List;)V+6
j  org.junit.platform.engine.support.hierarchical.NodeTestTask.lambda$executeRecursively$5()V+116
j  org.junit.platform.engine.support.hierarchical.NodeTestTask$$Lambda$157.execute()V+4
j  org.junit.platform.engine.support.hierarchical.ThrowableCollector.execute(Lorg/junit/platform/engine/support/hierarchical/ThrowableCollector$Executable;)V+1
j  org.junit.platform.engine.support.hierarchical.NodeTestTask.lambda$executeRecursively$7(Lorg/junit/platform/engine/support/hierarchical/EngineExecutionContext;)V+15
j  org.junit.platform.engine.support.hierarchical.NodeTestTask$$Lambda$156.invoke(Lorg/junit/platform/engine/support/hierarchical/EngineExecutionContext;)V+5
j  org.junit.platform.engine.support.hierarchical.Node.around(Lorg/junit/platform/engine/support/hierarchical/EngineExecutionContext;Lorg/junit/platform/engine/support/hierarchical/Node$Invocation;)V+2
j  org.junit.platform.engine.support.hierarchical.NodeTestTask.lambda$executeRecursively$8()V+14
j  org.junit.platform.engine.support.hierarchical.NodeTestTask$$Lambda$155.execute()V+4
j  org.junit.platform.engine.support.hierarchical.ThrowableCollector.execute(Lorg/junit/platform/engine/support/hierarchical/ThrowableCollector$Executable;)V+1
j  org.junit.platform.engine.support.hierarchical.NodeTestTask.executeRecursively()V+31
j  org.junit.platform.engine.support.hierarchical.NodeTestTask.execute()V+55
j  org.junit.platform.engine.support.hierarchical.SameThreadHierarchicalTestExecutorService.submit(Lorg/junit/platform/engine/support/hierarchical/HierarchicalTestExecutorService$TestTask;)Ljava/util/concurrent/Future;+1
j  org.junit.platform.engine.support.hierarchical.HierarchicalTestExecutor.execute()Ljava/util/concurrent/Future;+74
j  org.junit.platform.engine.support.hierarchical.HierarchicalTestEngine.execute(Lorg/junit/platform/engine/ExecutionRequest;)V+31
j  org.junit.platform.launcher.core.DefaultLauncher.execute(Lorg/junit/platform/engine/TestDescriptor;Lorg/junit/platform/engine/EngineExecutionListener;Lorg/junit/platform/engine/ConfigurationParameters;Lorg/junit/platform/engine/TestEngine;)V+24
j  org.junit.platform.launcher.core.DefaultLauncher.lambda$execute$5(Lorg/junit/platform/launcher/core/InternalTestPlan;Lorg/junit/platform/launcher/core/Root;Lorg/junit/platform/engine/ConfigurationParameters;Lorg/junit/platform/launcher/TestExecutionListener;)V+105
j  org.junit.platform.launcher.core.DefaultLauncher$$Lambda$125.accept(Ljava/lang/Object;)V+20
j  org.junit.platform.launcher.core.DefaultLauncher.withInterceptedStreams(Lorg/junit/platform/engine/ConfigurationParameters;Lorg/junit/platform/launcher/core/TestExecutionListenerRegistry;Ljava/util/function/Consumer;)V+43
j  org.junit.platform.launcher.core.DefaultLauncher.execute(Lorg/junit/platform/launcher/core/InternalTestPlan;[Lorg/junit/platform/launcher/TestExecutionListener;)V+33
j  org.junit.platform.launcher.core.DefaultLauncher.execute(Lorg/junit/platform/launcher/LauncherDiscoveryRequest;[Lorg/junit/platform/launcher/TestExecutionListener;)V+33
j  org.gradle.api.internal.tasks.testing.junitplatform.JUnitPlatformTestClassProcessor$CollectAllTestClassesExecutor.processAllTestClasses()V+58
j  org.gradle.api.internal.tasks.testing.junitplatform.JUnitPlatformTestClassProcessor$CollectAllTestClassesExecutor.access$000(Lorg/gradle/api/internal/tasks/testing/junitplatform/JUnitPlatformTestClassProcessor$CollectAllTestClassesExecutor;)V+1
j  org.gradle.api.internal.tasks.testing.junitplatform.JUnitPlatformTestClassProcessor.stop()V+4
j  org.gradle.api.internal.tasks.testing.SuiteTestClassProcessor.stop()V+4
v  ~StubRoutines::call_stub
j  sun.reflect.NativeMethodAccessorImpl.invoke0(Ljava/lang/reflect/Method;Ljava/lang/Object;[Ljava/lang/Object;)Ljava/lang/Object;+0
j  sun.reflect.NativeMethodAccessorImpl.invoke(Ljava/lang/Object;[Ljava/lang/Object;)Ljava/lang/Object;+100
j  sun.reflect.DelegatingMethodAccessorImpl.invoke(Ljava/lang/Object;[Ljava/lang/Object;)Ljava/lang/Object;+6
j  java.lang.reflect.Method.invoke(Ljava/lang/Object;[Ljava/lang/Object;)Ljava/lang/Object;+56
j  org.gradle.internal.dispatch.ReflectionDispatch.dispatch(Lorg/gradle/internal/dispatch/MethodInvocation;)V+19
j  org.gradle.internal.dispatch.ReflectionDispatch.dispatch(Ljava/lang/Object;)V+5
j  org.gradle.internal.dispatch.ContextClassLoaderDispatch.dispatch(Ljava/lang/Object;)V+22
j  org.gradle.internal.dispatch.ProxyDispatchAdapter$DispatchingInvocationHandler.invoke(Ljava/lang/Object;Ljava/lang/reflect/Method;[Ljava/lang/Object;)Ljava/lang/Object;+177
j  com.sun.proxy.$Proxy2.stop()V+9
j  org.gradle.api.internal.tasks.testing.worker.TestWorker.stop()V+12
v  ~StubRoutines::call_stub
j  sun.reflect.NativeMethodAccessorImpl.invoke0(Ljava/lang/reflect/Method;Ljava/lang/Object;[Ljava/lang/Object;)Ljava/lang/Object;+0
j  sun.reflect.NativeMethodAccessorImpl.invoke(Ljava/lang/Object;[Ljava/lang/Object;)Ljava/lang/Object;+100
j  sun.reflect.DelegatingMethodAccessorImpl.invoke(Ljava/lang/Object;[Ljava/lang/Object;)Ljava/lang/Object;+6
j  java.lang.reflect.Method.invoke(Ljava/lang/Object;[Ljava/lang/Object;)Ljava/lang/Object;+56
j  org.gradle.internal.dispatch.ReflectionDispatch.dispatch(Lorg/gradle/internal/dispatch/MethodInvocation;)V+19
j  org.gradle.internal.dispatch.ReflectionDispatch.dispatch(Ljava/lang/Object;)V+5
j  org.gradle.internal.remote.internal.hub.MessageHubBackedObjectConnection$DispatchWrapper.dispatch(Lorg/gradle/internal/dispatch/MethodInvocation;)V+5
j  org.gradle.internal.remote.internal.hub.MessageHubBackedObjectConnection$DispatchWrapper.dispatch(Ljava/lang/Object;)V+5
j  org.gradle.internal.remote.internal.hub.MessageHub$Handler.run()V+174
j  org.gradle.internal.concurrent.ExecutorPolicy$CatchAndRecordFailures.onExecute(Ljava/lang/Runnable;)V+1
j  org.gradle.internal.concurrent.ManagedExecutorImpl$1.run()V+25
j  java.util.concurrent.ThreadPoolExecutor.runWorker(Ljava/util/concurrent/ThreadPoolExecutor$Worker;)V+95
j  java.util.concurrent.ThreadPoolExecutor$Worker.run()V+5
j  org.gradle.internal.concurrent.ThreadFactoryImpl$ManagedThreadRunnable.run()V+7
j  java.lang.Thread.run()V+11
v  ~StubRoutines::call_stub

---------------  P R O C E S S  ---------------

Java Threads: ( => current thread )
  0x000000001b3be000 JavaThread "/127.0.0.1:62477 to /127.0.0.1:62475 workers Thread 3" [_thread_in_native, id=3936, stack(0x000000001c740000,0x000000001c840000)]
  0x000000001aed1000 JavaThread "/127.0.0.1:62477 to /127.0.0.1:62475 workers Thread 2" [_thread_blocked, id=8320, stack(0x000000001c640000,0x000000001c740000)]
=>0x000000001b12a800 JavaThread "Test worker" [_thread_in_vm, id=9884, stack(0x000000001c200000,0x000000001c300000)]
  0x0000000017df3800 JavaThread "Service Thread" daemon [_thread_blocked, id=12276, stack(0x000000001a730000,0x000000001a830000)]
  0x0000000017d8d000 JavaThread "C1 CompilerThread11" daemon [_thread_blocked, id=7644, stack(0x000000001a630000,0x000000001a730000)]
  0x0000000017d92000 JavaThread "C1 CompilerThread10" daemon [_thread_blocked, id=1000, stack(0x000000001a530000,0x000000001a630000)]
  0x0000000017d8f000 JavaThread "C1 CompilerThread9" daemon [_thread_blocked, id=6580, stack(0x000000001a330000,0x000000001a430000)]
  0x0000000017d8e800 JavaThread "C1 CompilerThread8" daemon [_thread_blocked, id=9012, stack(0x000000001a230000,0x000000001a330000)]
  0x0000000017d6a000 JavaThread "C2 CompilerThread7" daemon [_thread_blocked, id=1592, stack(0x000000001a130000,0x000000001a230000)]
  0x0000000017d35800 JavaThread "C2 CompilerThread6" daemon [_thread_blocked, id=5556, stack(0x000000001a030000,0x000000001a130000)]
  0x0000000017d2c800 JavaThread "C2 CompilerThread5" daemon [_thread_blocked, id=15436, stack(0x0000000019f30000,0x000000001a030000)]
  0x0000000017d27000 JavaThread "C2 CompilerThread4" daemon [_thread_blocked, id=5216, stack(0x0000000019e30000,0x0000000019f30000)]
  0x0000000017d1d000 JavaThread "C2 CompilerThread3" daemon [_thread_blocked, id=14912, stack(0x0000000019d30000,0x0000000019e30000)]
  0x0000000017d14800 JavaThread "C2 CompilerThread2" daemon [_thread_blocked, id=9200, stack(0x0000000019c30000,0x0000000019d30000)]
  0x0000000017d13800 JavaThread "C2 CompilerThread1" daemon [_thread_in_native, id=4544, stack(0x0000000019b30000,0x0000000019c30000)]
  0x0000000017d12000 JavaThread "C2 CompilerThread0" daemon [_thread_in_native, id=11156, stack(0x0000000019a30000,0x0000000019b30000)]
  0x0000000017d10800 JavaThread "Attach Listener" daemon [_thread_blocked, id=13592, stack(0x0000000019930000,0x0000000019a30000)]
  0x0000000017d0b800 JavaThread "Signal Dispatcher" daemon [_thread_blocked, id=6116, stack(0x0000000019830000,0x0000000019930000)]
  0x0000000016234000 JavaThread "Finalizer" daemon [_thread_blocked, id=4624, stack(0x00000000194f0000,0x00000000195f0000)]
  0x000000001622a800 JavaThread "Reference Handler" daemon [_thread_blocked, id=7280, stack(0x00000000193f0000,0x00000000194f0000)]
  0x0000000003112800 JavaThread "main" [_thread_blocked, id=7108, stack(0x0000000003010000,0x0000000003110000)]

Other Threads:
  0x0000000017c64000 VMThread [stack: 0x00000000192f0000,0x00000000193f0000] [id=10436]
  0x0000000017df9800 WatcherThread [stack: 0x000000001a830000,0x000000001a930000] [id=8624]

VM state:not at safepoint (normal execution)

VM Mutex/Monitor currently owned by a thread: None

heap address: 0x00000000c0000000, size: 1024 MB, Compressed Oops mode: 32-bit
Narrow klass base: 0x0000000000000000, Narrow klass shift: 3
Compressed class space size: 1073741824 Address: 0x0000000100000000

Heap:
 PSYoungGen      total 76288K, used 23632K [0x00000000eab00000, 0x00000000f0000000, 0x0000000100000000)
  eden space 65536K, 25% used [0x00000000eab00000,0x00000000ebb329f0,0x00000000eeb00000)
  from space 10752K, 65% used [0x00000000eeb00000,0x00000000ef1e1900,0x00000000ef580000)
  to   space 10752K, 0% used [0x00000000ef580000,0x00000000ef580000,0x00000000f0000000)
 ParOldGen       total 175104K, used 24K [0x00000000c0000000, 0x00000000cab00000, 0x00000000eab00000)
  object space 175104K, 0% used [0x00000000c0000000,0x00000000c0006000,0x00000000cab00000)
 Metaspace       used 15101K, capacity 16044K, committed 16256K, reserved 1062912K
  class space    used 1813K, capacity 2052K, committed 2176K, reserved 1048576K

Card table byte_map: [0x00000000125d0000,0x00000000127e0000] byte_map_base: 0x0000000011fd0000

Marking Bits: (ParMarkBitMap*) 0x000000006a6daf90
 Begin Bits: [0x0000000013640000, 0x0000000014640000)
 End Bits:   [0x0000000014640000, 0x0000000015640000)

Polling page: 0x0000000000de0000

CodeCache: size=245760Kb used=9057Kb max_used=9070Kb free=236702Kb
 bounds [0x0000000003210000, 0x0000000003b00000, 0x0000000012210000]
 total_blobs=2582 nmethods=2189 adapters=303
 compilation: enabled

Compilation events (10 events):
Event: 1.091 Thread 0x0000000017d92000 2187       3       java.net.URI$Parser::scan (73 bytes)
Event: 1.091 Thread 0x0000000017d14800 nmethod 2186 0x0000000003ae6110 code [0x0000000003ae6240, 0x0000000003ae6318]
Event: 1.091 Thread 0x0000000017d92000 nmethod 2187 0x0000000003aea650 code [0x0000000003aea820, 0x0000000003aeaf28]
Event: 1.093 Thread 0x0000000017d35800 2188       4       java.util.jar.JarFile::getEntry (22 bytes)
Event: 1.094 Thread 0x0000000017d13800 2189       4       sun.misc.URLClassPath::getResource (83 bytes)
Event: 1.095 Thread 0x0000000017d6a000 2190       4       java.util.zip.ZipCoder::getBytes (192 bytes)
Event: 1.098 Thread 0x0000000017d12000 2191       4       java.net.URLStreamHandler::parseURL (1193 bytes)
Event: 1.099 Thread 0x0000000017d6a000 nmethod 2190 0x0000000003aed050 code [0x0000000003aed200, 0x0000000003aed7b0]
Event: 1.101 Thread 0x0000000017d35800 nmethod 2188 0x0000000003af0410 code [0x0000000003af06a0, 0x0000000003af1600]
Event: 1.102 Thread 0x0000000017d1d000 2192   !   4       sun.misc.URLClassPath$JarLoader::getResource (85 bytes)

GC Heap History (2 events):
Event: 0.958 GC heap before
{Heap before GC invocations=1 (full 0):
 PSYoungGen      total 76288K, used 65536K [0x00000000eab00000, 0x00000000f0000000, 0x0000000100000000)
  eden space 65536K, 100% used [0x00000000eab00000,0x00000000eeb00000,0x00000000eeb00000)
  from space 10752K, 0% used [0x00000000ef580000,0x00000000ef580000,0x00000000f0000000)
  to   space 10752K, 0% used [0x00000000eeb00000,0x00000000eeb00000,0x00000000ef580000)
 ParOldGen       total 175104K, used 0K [0x00000000c0000000, 0x00000000cab00000, 0x00000000eab00000)
  object space 175104K, 0% used [0x00000000c0000000,0x00000000c0000000,0x00000000cab00000)
 Metaspace       used 14531K, capacity 15376K, committed 15616K, reserved 1062912K
  class space    used 1774K, capacity 1980K, committed 2048K, reserved 1048576K
Event: 0.963 GC heap after
Heap after GC invocations=1 (full 0):
 PSYoungGen      total 76288K, used 7046K [0x00000000eab00000, 0x00000000f0000000, 0x0000000100000000)
  eden space 65536K, 0% used [0x00000000eab00000,0x00000000eab00000,0x00000000eeb00000)
  from space 10752K, 65% used [0x00000000eeb00000,0x00000000ef1e1900,0x00000000ef580000)
  to   space 10752K, 0% used [0x00000000ef580000,0x00000000ef580000,0x00000000f0000000)
 ParOldGen       total 175104K, used 24K [0x00000000c0000000, 0x00000000cab00000, 0x00000000eab00000)
  object space 175104K, 0% used [0x00000000c0000000,0x00000000c0006000,0x00000000cab00000)
 Metaspace       used 14531K, capacity 15376K, committed 15616K, reserved 1062912K
  class space    used 1774K, capacity 1980K, committed 2048K, reserved 1048576K
}

Deoptimization events (10 events):
Event: 0.827 Thread 0x000000001b12a800 Uncommon trap: reason=class_check action=maybe_recompile pc=0x00000000037b0ec8 method=java.util.HashMap.putVal(ILjava/lang/Object;Ljava/lang/Object;ZZ)Ljava/lang/Object; @ 203
Event: 0.828 Thread 0x000000001b12a800 Uncommon trap: reason=class_check action=maybe_recompile pc=0x00000000037b0ec8 method=java.util.HashMap.putVal(ILjava/lang/Object;Ljava/lang/Object;ZZ)Ljava/lang/Object; @ 203
Event: 0.829 Thread 0x000000001b12a800 Uncommon trap: reason=class_check action=maybe_recompile pc=0x00000000037b0ec8 method=java.util.HashMap.putVal(ILjava/lang/Object;Ljava/lang/Object;ZZ)Ljava/lang/Object; @ 203
Event: 0.829 Thread 0x000000001b12a800 Uncommon trap: reason=class_check action=maybe_recompile pc=0x00000000037b0ec8 method=java.util.HashMap.putVal(ILjava/lang/Object;Ljava/lang/Object;ZZ)Ljava/lang/Object; @ 203
Event: 0.892 Thread 0x000000001b12a800 Uncommon trap: reason=bimorphic action=maybe_recompile pc=0x0000000003886488 method=java.util.HashMap.putVal(ILjava/lang/Object;Ljava/lang/Object;ZZ)Ljava/lang/Object; @ 203
Event: 0.892 Thread 0x000000001b12a800 Uncommon trap: reason=bimorphic action=maybe_recompile pc=0x0000000003886488 method=java.util.HashMap.putVal(ILjava/lang/Object;Ljava/lang/Object;ZZ)Ljava/lang/Object; @ 203
Event: 0.892 Thread 0x000000001b12a800 Uncommon trap: reason=bimorphic action=maybe_recompile pc=0x0000000003886488 method=java.util.HashMap.putVal(ILjava/lang/Object;Ljava/lang/Object;ZZ)Ljava/lang/Object; @ 203
Event: 0.896 Thread 0x000000001b12a800 Uncommon trap: reason=bimorphic action=maybe_recompile pc=0x0000000003886488 method=java.util.HashMap.putVal(ILjava/lang/Object;Ljava/lang/Object;ZZ)Ljava/lang/Object; @ 203
Event: 1.092 Thread 0x000000001b12a800 Uncommon trap: reason=null_assert action=make_not_entrant pc=0x00000000037ca324 method=java.util.zip.ZipEntry.<init>(Ljava/util/zip/ZipEntry;)V @ 70
Event: 1.093 Thread 0x000000001b12a800 Uncommon trap: reason=null_assert action=make_not_entrant pc=0x00000000037bd9cc method=java.util.zip.ZipEntry.<init>(Ljava/util/zip/ZipEntry;)V @ 70

Classes redefined (0 events):
No events

Internal exceptions (10 events):
Event: 0.992 Thread 0x000000001b12a800 Exception <a 'sun/nio/fs/WindowsException'> (0x00000000eb02b778) thrown at [C:\jenkins\workspace\8-2-build-windows-amd64-cygwin\jdk8u251\737\hotspot\src\share\vm\prims\jni.cpp, line 710]
Event: 0.993 Thread 0x000000001b12a800 Exception <a 'sun/nio/fs/WindowsException'> (0x00000000eb06d690) thrown at [C:\jenkins\workspace\8-2-build-windows-amd64-cygwin\jdk8u251\737\hotspot\src\share\vm\prims\jni.cpp, line 710]
Event: 0.994 Thread 0x000000001b12a800 Exception <a 'sun/nio/fs/WindowsException'> (0x00000000eb094160) thrown at [C:\jenkins\workspace\8-2-build-windows-amd64-cygwin\jdk8u251\737\hotspot\src\share\vm\prims\jni.cpp, line 710]
Event: 0.995 Thread 0x000000001b12a800 Exception <a 'sun/nio/fs/WindowsException'> (0x00000000eb0c43f8) thrown at [C:\jenkins\workspace\8-2-build-windows-amd64-cygwin\jdk8u251\737\hotspot\src\share\vm\prims\jni.cpp, line 710]
Event: 0.995 Thread 0x000000001b12a800 Exception <a 'sun/nio/fs/WindowsException'> (0x00000000eb0ce9a8) thrown at [C:\jenkins\workspace\8-2-build-windows-amd64-cygwin\jdk8u251\737\hotspot\src\share\vm\prims\jni.cpp, line 710]
Event: 0.996 Thread 0x000000001b12a800 Exception <a 'sun/nio/fs/WindowsException'> (0x00000000eb0d73e8) thrown at [C:\jenkins\workspace\8-2-build-windows-amd64-cygwin\jdk8u251\737\hotspot\src\share\vm\prims\jni.cpp, line 710]
Event: 0.997 Thread 0x000000001b12a800 Exception <a 'sun/nio/fs/WindowsException'> (0x00000000eb0e0be0) thrown at [C:\jenkins\workspace\8-2-build-windows-amd64-cygwin\jdk8u251\737\hotspot\src\share\vm\prims\jni.cpp, line 710]
Event: 0.997 Thread 0x000000001b12a800 Exception <a 'sun/nio/fs/WindowsException'> (0x00000000eb0e9470) thrown at [C:\jenkins\workspace\8-2-build-windows-amd64-cygwin\jdk8u251\737\hotspot\src\share\vm\prims\jni.cpp, line 710]
Event: 1.027 Thread 0x000000001b12a800 Exception <a 'sun/nio/fs/WindowsException'> (0x00000000eb3e94a0) thrown at [C:\jenkins\workspace\8-2-build-windows-amd64-cygwin\jdk8u251\737\hotspot\src\share\vm\prims\jni.cpp, line 710]
Event: 1.027 Thread 0x000000001b12a800 Exception <a 'sun/nio/fs/WindowsException'> (0x00000000eb3e9cf0) thrown at [C:\jenkins\workspace\8-2-build-windows-amd64-cygwin\jdk8u251\737\hotspot\src\share\vm\prims\jni.cpp, line 710]

Events (10 events):
Event: 1.101 loading class v1/net/minecraft/ITestConcreteClass$TestStaticInnerClass
Event: 1.101 loading class v1/net/minecraft/ITestConcreteClass$TestStaticInnerClass done
Event: 1.101 loading class net/minecraft/TestConcreteClass
Event: 1.101 loading class net/minecraft/TestConcreteClass done
Event: 1.102 loading class net/minecraft/TestSuperClass
Event: 1.102 loading class net/minecraft/TestSuperClass done
Event: 1.102 loading class net/minecraft/TestOtherClass
Event: 1.102 loading class net/minecraft/TestOtherClass done
Event: 1.102 loading class v1/net/minecraft/BaseTestConcreteClass
Event: 1.102 loading class v1/net/minecraft/BaseTestConcreteClass done


Dynamic libraries:
0x00007ff73a8c0000 - 0x00007ff73a8f7000 	C:\Program Files\Java\jdk1.8.0_251\bin\java.exe
0x00007ffc189a0000 - 0x00007ffc18b90000 	C:\Windows\SYSTEM32\ntdll.dll
0x00007ffc181e0000 - 0x00007ffc18292000 	C:\Windows\System32\KERNEL32.DLL
0x00007ffc159e0000 - 0x00007ffc15c84000 	C:\Windows\System32\KERNELBASE.dll
0x00007ffc18840000 - 0x00007ffc188e3000 	C:\Windows\System32\ADVAPI32.dll
0x00007ffc185c0000 - 0x00007ffc1865e000 	C:\Windows\System32\msvcrt.dll
0x00007ffc17ed0000 - 0x00007ffc17f67000 	C:\Windows\System32\sechost.dll
0x00007ffc184a0000 - 0x00007ffc185c0000 	C:\Windows\System32\RPCRT4.dll
0x00007ffc16a50000 - 0x00007ffc16be4000 	C:\Windows\System32\USER32.dll
0x00007ffc15dc0000 - 0x00007ffc15de1000 	C:\Windows\System32\win32u.dll
0x00007ffc17200000 - 0x00007ffc17226000 	C:\Windows\System32\GDI32.dll
0x00007ffc168b0000 - 0x00007ffc16a45000 	C:\Windows\System32\gdi32full.dll
0x00007ffc16570000 - 0x00007ffc1660e000 	C:\Windows\System32\msvcp_win.dll
0x00007ffc15c90000 - 0x00007ffc15d8a000 	C:\Windows\System32\ucrtbase.dll
0x00007ffc09fb0000 - 0x00007ffc0a234000 	C:\Windows\WinSxS\amd64_microsoft.windows.common-controls_6595b64144ccf1df_6.0.18362.900_none_e6beb9d913147d17\COMCTL32.dll
0x00007ffc17ae0000 - 0x00007ffc17e15000 	C:\Windows\System32\combase.dll
0x00007ffc16780000 - 0x00007ffc16800000 	C:\Windows\System32\bcryptPrimitives.dll
0x00007ffc182a0000 - 0x00007ffc182ce000 	C:\Windows\System32\IMM32.DLL
0x000000006a760000 - 0x000000006a832000 	C:\Program Files\Java\jdk1.8.0_251\jre\bin\msvcr100.dll
0x0000000069eb0000 - 0x000000006a75b000 	C:\Program Files\Java\jdk1.8.0_251\jre\bin\server\jvm.dll
0x00007ffc17120000 - 0x00007ffc17128000 	C:\Windows\System32\PSAPI.DLL
0x00007ffc0edf0000 - 0x00007ffc0ee14000 	C:\Windows\SYSTEM32\WINMM.dll
0x00007ffc10da0000 - 0x00007ffc10daa000 	C:\Windows\SYSTEM32\VERSION.dll
0x00007ffc11700000 - 0x00007ffc11709000 	C:\Windows\SYSTEM32\WSOCK32.dll
0x00007ffc182d0000 - 0x00007ffc1833f000 	C:\Windows\System32\WS2_32.dll
0x00007ffc0edc0000 - 0x00007ffc0eded000 	C:\Windows\SYSTEM32\WINMMBASE.dll
0x00007ffc16860000 - 0x00007ffc168aa000 	C:\Windows\System32\cfgmgr32.dll
0x00007ffc124c0000 - 0x00007ffc124cf000 	C:\Program Files\Java\jdk1.8.0_251\jre\bin\verify.dll
0x00007ffc061e0000 - 0x00007ffc06209000 	C:\Program Files\Java\jdk1.8.0_251\jre\bin\java.dll
0x00007ffc061c0000 - 0x00007ffc061d6000 	C:\Program Files\Java\jdk1.8.0_251\jre\bin\zip.dll
0x00007ffc173f0000 - 0x00007ffc17ad6000 	C:\Windows\System32\SHELL32.dll
0x00007ffc17ff0000 - 0x00007ffc18099000 	C:\Windows\System32\shcore.dll
0x00007ffc15df0000 - 0x00007ffc16570000 	C:\Windows\System32\windows.storage.dll
0x00007ffc15900000 - 0x00007ffc15923000 	C:\Windows\System32\profapi.dll
0x00007ffc15870000 - 0x00007ffc158ba000 	C:\Windows\System32\powrprof.dll
0x00007ffc15860000 - 0x00007ffc15870000 	C:\Windows\System32\UMPDC.dll
0x00007ffc17060000 - 0x00007ffc170b2000 	C:\Windows\System32\shlwapi.dll
0x00007ffc158e0000 - 0x00007ffc158f1000 	C:\Windows\System32\kernel.appcore.dll
0x00007ffc16610000 - 0x00007ffc16627000 	C:\Windows\System32\cryptsp.dll
0x00007ffc033a0000 - 0x00007ffc033ba000 	C:\Program Files\Java\jdk1.8.0_251\jre\bin\net.dll
0x00007ffc150d0000 - 0x00007ffc15137000 	C:\Windows\system32\mswsock.dll
0x00007ffc03380000 - 0x00007ffc03392000 	C:\Program Files\Java\jdk1.8.0_251\jre\bin\nio.dll
0x00007ffc14c40000 - 0x00007ffc14c73000 	C:\Windows\system32\rsaenh.dll
0x00007ffc15d90000 - 0x00007ffc15db6000 	C:\Windows\System32\bcrypt.dll
0x00007ffc15780000 - 0x00007ffc157a5000 	C:\Windows\SYSTEM32\USERENV.dll
0x00007ffc152a0000 - 0x00007ffc152ac000 	C:\Windows\SYSTEM32\CRYPTBASE.dll
0x00007ffc14de0000 - 0x00007ffc14e1a000 	C:\Windows\SYSTEM32\IPHLPAPI.DLL
0x00007ffc18170000 - 0x00007ffc18178000 	C:\Windows\System32\NSI.dll
0x00007ffc11600000 - 0x00007ffc11616000 	C:\Windows\SYSTEM32\dhcpcsvc6.DLL
0x00007ffc115e0000 - 0x00007ffc115fc000 	C:\Windows\SYSTEM32\dhcpcsvc.DLL
0x00007ffc14e20000 - 0x00007ffc14eeb000 	C:\Windows\SYSTEM32\DNSAPI.dll
0x00007ffc10800000 - 0x00007ffc109f4000 	C:\Windows\SYSTEM32\dbghelp.dll

VM Arguments:
jvm_args: -Djava.security.manager=worker.org.gradle.process.internal.worker.child.BootstrapSecurityManager -Dorg.gradle.native=false -Xmx1G -Dfile.encoding=windows-1252 -Duser.country=US -Duser.language=en -Duser.variant -ea 
java_command: worker.org.gradle.process.internal.worker.GradleWorkerMain 'Gradle Test Executor 27'
java_class_path (initial): C:\Users\natan\.gradle\caches\6.4\workerMain\gradle-worker.jar
Launcher Type: SUN_STANDARD

Environment Variables:
JAVA_HOME=C:\Program Files\Java\jdk1.8.0_251
PATH=C:\Program Files\AdoptOpenJDK\jdk-11.0.7.10-hotspot\bin;C:\Program Files\AdoptOpenJDK\jdk-8.0.252.09-openj9\bin;C:\Program Files (x86)\Common Files\Oracle\Java\javapath;C:\Program Files\AdoptOpenJDK\jdk-8.0.242.08-hotspot\bin;C:\Windows\system32;C:\Windows;C:\Windows\System32\Wbem;C:\Windows\System32\WindowsPowerShell\v1.0\;C:\Windows\System32\OpenSSH\;C:\Program Files\nodejs\;C:\Program Files\dotnet\;C:\Program Files\Git\cmd;C:\Program Files\JetBrains\IntelliJ IDEA 2020.1\bin;;C:\src\flutter\bin;C:\Users\natan\AppData\Local\Programs\Microsoft VS Code\bin;C:\Users\natan\AppData\Roaming\npm;C:\Program Files\JetBrains\JetBrains Rider 2019.3.4\bin;;C:\Program Files\JetBrains\GoLand 2019.3.4\bin;;C:\Users\natan\AppData\Local\Android\Sdk\platform-tools;C:\Users\natan\AppData\Local\Android\Sdk\emulator;C:\bin\kotlinc\bin;C:\bin\gradle-6.3\bin;C:\Users\natan\AppData\Local\Programs\Python\Python38-32;C:\cygwin64\bin;C:\scripts;
USERNAME=natan
OS=Windows_NT
PROCESSOR_IDENTIFIER=AMD64 Family 23 Model 113 Stepping 0, AuthenticAMD



---------------  S Y S T E M  ---------------

OS: Windows 10.0 , 64 bit Build 18362 (10.0.18362.900)

CPU:total 16 (initial active 16) (16 cores per cpu, 1 threads per core) family 23 model 113 stepping 0, cmov, cx8, fxsr, mmx, sse, sse2, sse3, ssse3, sse4.1, sse4.2, popcnt, avx, avx2, aes, clmul, mmxext, 3dnowpref, lzcnt, sse4a, tsc, tscinvbit, tscinv, bmi1

Memory: 4k page, physical 16724376k(8570464k free), swap 19214744k(5951416k free)

vm_info: Java HotSpot(TM) 64-Bit Server VM (25.251-b08) for windows-amd64 JRE (1.8.0_251-b08), built on Mar 12 2020 06:31:49 by "" with MS VC++ 10.0 (VS2010)

time: Mon Jun 22 15:26:15 2020
timezone: Jerusalem Daylight Time
elapsed time: 1 seconds (0d 0h 0m 1s)

